<?xml version="1.0" encoding="UTF-8"?>
<!-- Generated by org.testng.reporters.JUnitXMLReporter -->
<testsuite hostname="LAPTOP-F86T4Q0E" name="Login_TestCase" tests="2" failures="0" timestamp="15 Nov 2019 13:24:25 GMT" time="169.566" errors="0">
  <testcase name="English_forgetpassword_with_incorrect_password_and_valid_password" time="68.133" classname="com.eit.stepdefinition.stepDefinition"/>
  <testcase name="Arabic_forgetpassword_with_incorrect_password_and_valid_password" time="64.669" classname="com.eit.stepdefinition.stepDefinition"/>
</testsuite> <!-- Login_TestCase -->
